{"name":"henry","time":1561033497}
[1561033601]:{"name":"henry","time":1561033601}
[2020-05-26 07-17-02] | 8 | Undefined variable: undefinedVarible | /home/henry/Workspace/Code/PHP/syntax/Exception.php | 260
[2020-05-26 07-17-02] | 1 | Uncaught Error: Class 'DemoClass_2' not found in /home/henry/Workspace/Code/PHP/syntax/Exception.php:268
Stack trace:
#0 {main}
  thrown | /home/henry/Workspace/Code/PHP/syntax/Exception.php | 268
[2020-05-26 07-17-16] | 8 | Undefined variable: undefinedVarible | /home/henry/Workspace/Code/PHP/syntax/Exception.php | 260
[2020-05-26 07-17-16] | 1 | Uncaught Error: Class 'DemoClass_2' not found in /home/henry/Workspace/Code/PHP/syntax/Exception.php:268
Stack trace:
#0 {main}
  thrown | /home/henry/Workspace/Code/PHP/syntax/Exception.php | 268
[2020-05-26 07-18-38] | 8 | Undefined variable: undefinedVarible | /home/henry/Workspace/Code/PHP/syntax/Exception.php | 248
[2020-05-26 07-18-38] | 1 | Uncaught Error: Class 'DemoClass_2' not found in /home/henry/Workspace/Code/PHP/syntax/Exception.php:256
Stack trace:
#0 {main}
  thrown | /home/henry/Workspace/Code/PHP/syntax/Exception.php | 256
[2020-05-26 07-23-18] | 8 | Undefined variable: undefinedVarible | /home/henry/Workspace/Code/PHP/syntax/Exception.php | 212
[2020-05-26 07-23-18] | 1 | Uncaught Error: Class 'DemoClass_2' not found in /home/henry/Workspace/Code/PHP/syntax/Exception.php:218
Stack trace:
#0 {main}
  thrown | /home/henry/Workspace/Code/PHP/syntax/Exception.php | 218
[2020-05-26 07-23-48] | 8 | Undefined variable: undefinedVarible | /home/henry/Workspace/Code/PHP/syntax/Exception.php | 212
[2020-05-26 07-23-48] | 1 | Uncaught Error: Class 'DemoClass_2' not found in /home/henry/Workspace/Code/PHP/syntax/Exception.php:218
Stack trace:
#0 {main}
  thrown | /home/henry/Workspace/Code/PHP/syntax/Exception.php | 218
[2020-05-26 07-24-22] | 8 | Undefined variable: undefinedVarible | /home/henry/Workspace/Code/PHP/syntax/Exception.php | 212
[2020-05-26 07-24-22] | 1 | Uncaught Error: Class 'DemoClass_2' not found in /home/henry/Workspace/Code/PHP/syntax/Exception.php:218
Stack trace:
#0 {main}
  thrown | /home/henry/Workspace/Code/PHP/syntax/Exception.php | 218
